[debug] [2018-09-16T04:53:13.846Z] ----------------------------------------------------------------------
[debug] [2018-09-16T04:53:13.849Z] Command:       C:\Program Files\nodejs\node.exe C:\Users\ngoct\AppData\Roaming\npm\node_modules\firebase-tools\bin\firebase serve
[debug] [2018-09-16T04:53:13.850Z] CLI Version:   4.2.1
[debug] [2018-09-16T04:53:13.850Z] Platform:      win32
[debug] [2018-09-16T04:53:13.850Z] Node Version:  v8.9.4
[debug] [2018-09-16T04:53:13.850Z] Time:          Sun Sep 16 2018 00:53:13 GMT-0400 (Eastern Daylight Time)
[debug] [2018-09-16T04:53:13.850Z] ----------------------------------------------------------------------
[debug] 
[debug] [2018-09-16T04:53:13.863Z] > command requires scopes: ["email","openid","https://www.googleapis.com/auth/cloudplatformprojects.readonly","https://www.googleapis.com/auth/firebase","https://www.googleapis.com/auth/cloud-platform"]
[debug] [2018-09-16T04:53:13.865Z] > authorizing via signed-in user
[debug] [2018-09-16T04:53:13.867Z] >>> HTTP REQUEST GET https://admin.firebase.com/v1/projects/htn18-216503  
 
[debug] [2018-09-16T04:53:14.428Z] <<< HTTP RESPONSE 200
[debug] [2018-09-16T04:53:14.431Z] >>> HTTP REQUEST GET https://cloudresourcemanager.googleapis.com/v1/projects/htn18-216503  
 
[debug] [2018-09-16T04:53:14.826Z] <<< HTTP RESPONSE 200
[info] 
[info] === Serving from 'C:\Users\ngoct\project\Cozy-Roads\cozyroadtest'...
[info] 
[info] i  functions: Preparing to emulate functions.
[debug] [2018-09-16T04:53:16.342Z] Fetching environment
[debug] [2018-09-16T04:53:16.350Z] >>> HTTP REQUEST GET https://mobilesdk-pa.googleapis.com/v1/projects/386189294387:getServerAppConfig  
 
[debug] [2018-09-16T04:53:16.351Z] >>> HTTP REQUEST GET https://mobilesdk-pa.googleapis.com/v1/projects/386189294387/clients/_:getWebAppConfig  
 
[debug] [2018-09-16T04:53:16.480Z] <<< HTTP RESPONSE 200
[debug] [2018-09-16T04:53:16.481Z] Starting @google-cloud/functions-emulator
[debug] [2018-09-16T04:53:16.628Z] <<< HTTP RESPONSE 200
[info] i  hosting[htn18-216503]: Serving hosting files from: public
[info] +  hosting[htn18-216503]: Local server: http://localhost:5000
[debug] [2018-09-16T04:53:20.240Z] Parsing function triggers
[info] i  functions: No HTTPS functions found. Use firebase functions:shell if you would like to emulate other types of functions.
